ar -cr libblasLapack.a *.o

mpif77 -c  -O2 -cpp -fdefault-real-8 -fdefault-double-8 -w -std=legacy  -DMPI -DUNDERSCORE -DTIMER -I/media/skooby/data/NekExamples/fdlf -I/home/skooby/repos/Nek5000/core -I./ -I/home/skooby/repos/Nek5000/core/experimental -I/media/skooby/data/NekExamples/fdlf/obj /home/skooby/repos/Nek5000/core/drive1.f -o /media/skooby/data/NekExamples/fdlf/obj/drive1.o
mpif77 -c  -O2 -cpp -fdefault-real-8 -fdefault-double-8 -w -std=legacy  -DMPI -DUNDERSCORE -DTIMER -I/media/skooby/data/NekExamples/fdlf -I/home/skooby/repos/Nek5000/core -I./ -I/home/skooby/repos/Nek5000/core/experimental -I/media/skooby/data/NekExamples/fdlf/obj /home/skooby/repos/Nek5000/core/drive2.f -o /media/skooby/data/NekExamples/fdlf/obj/drive2.o
mpif77 -c  -O2 -cpp -fdefault-real-8 -fdefault-double-8 -w -std=legacy  -DMPI -DUNDERSCORE -DTIMER -I/media/skooby/data/NekExamples/fdlf -I/home/skooby/repos/Nek5000/core -I./ -I/home/skooby/repos/Nek5000/core/experimental -I/media/skooby/data/NekExamples/fdlf/obj /home/skooby/repos/Nek5000/core/plan5.f -o /media/skooby/data/NekExamples/fdlf/obj/plan5.o
mpicc -c  -O2  -DMPI -DUNDERSCORE -DTIMER -I/home/skooby/repos/Nek5000/core -I./ -I/home/skooby/repos/Nek5000/core/experimental -I/media/skooby/data/NekExamples/fdlf/obj -I/home/skooby/repos/Nek5000/3rd_party/gslib/include /home/skooby/repos/Nek5000/core/nekio.c -o /media/skooby/data/NekExamples/fdlf/obj/nekio.o
/home/skooby/repos/Nek5000/core/nekio.c: In function ‘NEK_File_read’:
/home/skooby/repos/Nek5000/core/nekio.c:344:9: warning: ignoring return value of ‘fread’ declared with attribute ‘warn_unused_result’ [-Wunused-result]
  344 |         fread(fread_buffer, 1, count_b, nek_fh->file);
      |         ^~~~~~~~~~~~~~~~~~~~~~~~~~~~~~~~~~~~~~~~~~~~~
mpif77 -c  -O2 -cpp -fdefault-real-8 -fdefault-double-8 -w -std=legacy  -DMPI -DUNDERSCORE -DTIMER -I/media/skooby/data/NekExamples/fdlf -I/home/skooby/repos/Nek5000/core -I./ -I/home/skooby/repos/Nek5000/core/experimental -I/media/skooby/data/NekExamples/fdlf/obj /home/skooby/repos/Nek5000/core/plan4.f -o /media/skooby/data/NekExamples/fdlf/obj/plan4.o
mpif77 -c  -O2 -cpp -fdefault-real-8 -fdefault-double-8 -w -std=legacy  -DMPI -DUNDERSCORE -DTIMER -I/media/skooby/data/NekExamples/fdlf -I/home/skooby/repos/Nek5000/core -I./ -I/home/skooby/repos/Nek5000/core/experimental -I/media/skooby/data/NekExamples/fdlf/obj /home/skooby/repos/Nek5000/core/bdry.f -o /media/skooby/data/NekExamples/fdlf/obj/bdry.o
mpif77 -c  -O2 -cpp -fdefault-real-8 -fdefault-double-8 -w -std=legacy  -DMPI -DUNDERSCORE -DTIMER -I/media/skooby/data/NekExamples/fdlf -I/home/skooby/repos/Nek5000/core -I./ -I/home/skooby/repos/Nek5000/core/experimental -I/media/skooby/data/NekExamples/fdlf/obj /home/skooby/repos/Nek5000/core/coef.f -o /media/skooby/data/NekExamples/fdlf/obj/coef.o
mpif77 -c  -O2 -cpp -fdefault-real-8 -fdefault-double-8 -w -std=legacy  -DMPI -DUNDERSCORE -DTIMER -I/media/skooby/data/NekExamples/fdlf -I/home/skooby/repos/Nek5000/core -I./ -I/home/skooby/repos/Nek5000/core/experimental -I/media/skooby/data/NekExamples/fdlf/obj /home/skooby/repos/Nek5000/core/conduct.f -o /media/skooby/data/NekExamples/fdlf/obj/conduct.o
mpif77 -c  -O2 -cpp -fdefault-real-8 -fdefault-double-8 -w -std=legacy  -DMPI -DUNDERSCORE -DTIMER -I/media/skooby/data/NekExamples/fdlf -I/home/skooby/repos/Nek5000/core -I./ -I/home/skooby/repos/Nek5000/core/experimental -I/media/skooby/data/NekExamples/fdlf/obj /home/skooby/repos/Nek5000/core/connect1.f -o /media/skooby/data/NekExamples/fdlf/obj/connect1.o
mpif77 -c  -O2 -cpp -fdefault-real-8 -fdefault-double-8 -w -std=legacy  -DMPI -DUNDERSCORE -DTIMER -I/media/skooby/data/NekExamples/fdlf -I/home/skooby/repos/Nek5000/core -I./ -I/home/skooby/repos/Nek5000/core/experimental -I/media/skooby/data/NekExamples/fdlf/obj /home/skooby/repos/Nek5000/core/connect2.f -o /media/skooby/data/NekExamples/fdlf/obj/connect2.o
mpif77 -c  -O2 -cpp -fdefault-real-8 -fdefault-double-8 -w -std=legacy  -DMPI -DUNDERSCORE -DTIMER -I/media/skooby/data/NekExamples/fdlf -I/home/skooby/repos/Nek5000/core -I./ -I/home/skooby/repos/Nek5000/core/experimental -I/media/skooby/data/NekExamples/fdlf/obj /home/skooby/repos/Nek5000/core/dssum.f -o /media/skooby/data/NekExamples/fdlf/obj/dssum.o
mpif77 -c  -O2 -cpp -fdefault-real-8 -fdefault-double-8 -w -std=legacy  -DMPI -DUNDERSCORE -DTIMER -I/media/skooby/data/NekExamples/fdlf -I/home/skooby/repos/Nek5000/core -I./ -I/home/skooby/repos/Nek5000/core/experimental -I/media/skooby/data/NekExamples/fdlf/obj /home/skooby/repos/Nek5000/core/eigsolv.f -o /media/skooby/data/NekExamples/fdlf/obj/eigsolv.o
mpif77 -c  -O2 -cpp -fdefault-real-8 -fdefault-double-8 -w -std=legacy  -DMPI -DUNDERSCORE -DTIMER -I/media/skooby/data/NekExamples/fdlf -I/home/skooby/repos/Nek5000/core -I./ -I/home/skooby/repos/Nek5000/core/experimental -I/media/skooby/data/NekExamples/fdlf/obj /home/skooby/repos/Nek5000/core/gauss.f -o /media/skooby/data/NekExamples/fdlf/obj/gauss.o
mpif77 -c  -O2 -cpp -fdefault-real-8 -fdefault-double-8 -w -std=legacy  -DMPI -DUNDERSCORE -DTIMER -I/media/skooby/data/NekExamples/fdlf -I/home/skooby/repos/Nek5000/core -I./ -I/home/skooby/repos/Nek5000/core/experimental -I/media/skooby/data/NekExamples/fdlf/obj /home/skooby/repos/Nek5000/core/genxyz.f -o /media/skooby/data/NekExamples/fdlf/obj/genxyz.o
mpif77 -c  -O2 -cpp -fdefault-real-8 -fdefault-double-8 -w -std=legacy  -DMPI -DUNDERSCORE -DTIMER -I/media/skooby/data/NekExamples/fdlf -I/home/skooby/repos/Nek5000/core -I./ -I/home/skooby/repos/Nek5000/core/experimental -I/media/skooby/data/NekExamples/fdlf/obj /home/skooby/repos/Nek5000/core/navier1.f -o /media/skooby/data/NekExamples/fdlf/obj/navier1.o
mpif77 -c  -O2 -cpp -fdefault-real-8 -fdefault-double-8 -w -std=legacy  -DMPI -DUNDERSCORE -DTIMER -I/media/skooby/data/NekExamples/fdlf -I/home/skooby/repos/Nek5000/core -I./ -I/home/skooby/repos/Nek5000/core/experimental -I/media/skooby/data/NekExamples/fdlf/obj /home/skooby/repos/Nek5000/core/makeq.f -o /media/skooby/data/NekExamples/fdlf/obj/makeq.o
mpif77 -c  -O2 -cpp -fdefault-real-8 -fdefault-double-8 -w -std=legacy  -DMPI -DUNDERSCORE -DTIMER -I/media/skooby/data/NekExamples/fdlf -I/home/skooby/repos/Nek5000/core -I./ -I/home/skooby/repos/Nek5000/core/experimental -I/media/skooby/data/NekExamples/fdlf/obj /home/skooby/repos/Nek5000/core/navier0.f -o /media/skooby/data/NekExamples/fdlf/obj/navier0.o
mpif77 -c  -O2 -cpp -fdefault-real-8 -fdefault-double-8 -w -std=legacy  -DMPI -DUNDERSCORE -DTIMER -I/media/skooby/data/NekExamples/fdlf -I/home/skooby/repos/Nek5000/core -I./ -I/home/skooby/repos/Nek5000/core/experimental -I/media/skooby/data/NekExamples/fdlf/obj /home/skooby/repos/Nek5000/core/navier2.f -o /media/skooby/data/NekExamples/fdlf/obj/navier2.o
mpif77 -c  -O2 -cpp -fdefault-real-8 -fdefault-double-8 -w -std=legacy  -DMPI -DUNDERSCORE -DTIMER -I/media/skooby/data/NekExamples/fdlf -I/home/skooby/repos/Nek5000/core -I./ -I/home/skooby/repos/Nek5000/core/experimental -I/media/skooby/data/NekExamples/fdlf/obj /home/skooby/repos/Nek5000/core/navier3.f -o /media/skooby/data/NekExamples/fdlf/obj/navier3.o
mpif77 -c  -O2 -cpp -fdefault-real-8 -fdefault-double-8 -w -std=legacy  -DMPI -DUNDERSCORE -DTIMER -I/media/skooby/data/NekExamples/fdlf -I/home/skooby/repos/Nek5000/core -I./ -I/home/skooby/repos/Nek5000/core/experimental -I/media/skooby/data/NekExamples/fdlf/obj /home/skooby/repos/Nek5000/core/navier4.f -o /media/skooby/data/NekExamples/fdlf/obj/navier4.o
mpif77 -c  -O2 -cpp -fdefault-real-8 -fdefault-double-8 -w -std=legacy  -DMPI -DUNDERSCORE -DTIMER -I/media/skooby/data/NekExamples/fdlf -I/home/skooby/repos/Nek5000/core -I./ -I/home/skooby/repos/Nek5000/core/experimental -I/media/skooby/data/NekExamples/fdlf/obj /home/skooby/repos/Nek5000/core/prepost.f -o /media/skooby/data/NekExamples/fdlf/obj/prepost.o
mpif77 -c  -O2 -cpp -fdefault-real-8 -fdefault-double-8 -w -std=legacy  -DMPI -DUNDERSCORE -DTIMER -I/media/skooby/data/NekExamples/fdlf -I/home/skooby/repos/Nek5000/core -I./ -I/home/skooby/repos/Nek5000/core/experimental -I/media/skooby/data/NekExamples/fdlf/obj /home/skooby/repos/Nek5000/core/speclib.f -o /media/skooby/data/NekExamples/fdlf/obj/speclib.o
mpif77 -c  -O2 -cpp -fdefault-real-8 -fdefault-double-8 -w -std=legacy  -DMPI -DUNDERSCORE -DTIMER -I/media/skooby/data/NekExamples/fdlf -I/home/skooby/repos/Nek5000/core -I./ -I/home/skooby/repos/Nek5000/core/experimental -I/media/skooby/data/NekExamples/fdlf/obj /home/skooby/repos/Nek5000/core/map2.f -o /media/skooby/data/NekExamples/fdlf/obj/map2.o
mpif77 -c  -O2 -cpp -fdefault-real-8 -fdefault-double-8 -w -std=legacy  -DMPI -DUNDERSCORE -DTIMER -I/media/skooby/data/NekExamples/fdlf -I/home/skooby/repos/Nek5000/core -I./ -I/home/skooby/repos/Nek5000/core/experimental -I/media/skooby/data/NekExamples/fdlf/obj /home/skooby/repos/Nek5000/core/mvmesh.f -o /media/skooby/data/NekExamples/fdlf/obj/mvmesh.o
mpif77 -c  -O2 -cpp -fdefault-real-8 -fdefault-double-8 -w -std=legacy  -DMPI -DUNDERSCORE -DTIMER -I/media/skooby/data/NekExamples/fdlf -I/home/skooby/repos/Nek5000/core -I./ -I/home/skooby/repos/Nek5000/core/experimental -I/media/skooby/data/NekExamples/fdlf/obj /home/skooby/repos/Nek5000/core/ic.f -o /media/skooby/data/NekExamples/fdlf/obj/ic.o
mpif77 -c  -O2 -cpp -fdefault-real-8 -fdefault-double-8 -w -std=legacy  -DMPI -DUNDERSCORE -DTIMER -I/media/skooby/data/NekExamples/fdlf -I/home/skooby/repos/Nek5000/core -I./ -I/home/skooby/repos/Nek5000/core/experimental -I/media/skooby/data/NekExamples/fdlf/obj /home/skooby/repos/Nek5000/core/gfldr.f -o /media/skooby/data/NekExamples/fdlf/obj/gfldr.o
mpif77 -c  -O2 -cpp -fdefault-real-8 -fdefault-double-8 -w -std=legacy  -DMPI -DUNDERSCORE -DTIMER -I/media/skooby/data/NekExamples/fdlf -I/home/skooby/repos/Nek5000/core -I./ -I/home/skooby/repos/Nek5000/core/experimental -I/media/skooby/data/NekExamples/fdlf/obj /home/skooby/repos/Nek5000/core/ssolv.f -o /media/skooby/data/NekExamples/fdlf/obj/ssolv.o
mpif77 -c  -O2 -cpp -fdefault-real-8 -fdefault-double-8 -w -std=legacy  -DMPI -DUNDERSCORE -DTIMER -I/media/skooby/data/NekExamples/fdlf -I/home/skooby/repos/Nek5000/core -I./ -I/home/skooby/repos/Nek5000/core/experimental -I/media/skooby/data/NekExamples/fdlf/obj /home/skooby/repos/Nek5000/core/planx.f -o /media/skooby/data/NekExamples/fdlf/obj/planx.o
mpif77 -c  -O3 -cpp -fdefault-real-8 -fdefault-double-8 -w -std=legacy  -DMPI -DUNDERSCORE -DTIMER -I/media/skooby/data/NekExamples/fdlf -I/home/skooby/repos/Nek5000/core -I./ -I/home/skooby/repos/Nek5000/core/experimental -I/media/skooby/data/NekExamples/fdlf/obj /home/skooby/repos/Nek5000/core/math.f -o /media/skooby/data/NekExamples/fdlf/obj/math.o
mpif77 -c  -O2 -cpp -fdefault-real-8 -fdefault-double-8 -w -std=legacy  -DMPI -DUNDERSCORE -DTIMER -I/media/skooby/data/NekExamples/fdlf -I/home/skooby/repos/Nek5000/core -I./ -I/home/skooby/repos/Nek5000/core/experimental -I/media/skooby/data/NekExamples/fdlf/obj /home/skooby/repos/Nek5000/core/mxm_wrapper.f -o /media/skooby/data/NekExamples/fdlf/obj/mxm_wrapper.o 
mpif77 -c  -O2 -cpp -fdefault-real-8 -fdefault-double-8 -w -std=legacy  -DMPI -DUNDERSCORE -DTIMER -I/media/skooby/data/NekExamples/fdlf -I/home/skooby/repos/Nek5000/core -I./ -I/home/skooby/repos/Nek5000/core/experimental -I/media/skooby/data/NekExamples/fdlf/obj /home/skooby/repos/Nek5000/core/hmholtz.f -o /media/skooby/data/NekExamples/fdlf/obj/hmholtz.o
mpif77 -c  -O2 -cpp -fdefault-real-8 -fdefault-double-8 -w -std=legacy  -DMPI -DUNDERSCORE -DTIMER -I/media/skooby/data/NekExamples/fdlf -I/home/skooby/repos/Nek5000/core -I./ -I/home/skooby/repos/Nek5000/core/experimental -I/media/skooby/data/NekExamples/fdlf/obj /home/skooby/repos/Nek5000/core/subs1.f -o /media/skooby/data/NekExamples/fdlf/obj/subs1.o
mpif77 -c  -O2 -cpp -fdefault-real-8 -fdefault-double-8 -w -std=legacy  -DMPI -DUNDERSCORE -DTIMER -I/media/skooby/data/NekExamples/fdlf -I/home/skooby/repos/Nek5000/core -I./ -I/home/skooby/repos/Nek5000/core/experimental -I/media/skooby/data/NekExamples/fdlf/obj /home/skooby/repos/Nek5000/core/subs2.f -o /media/skooby/data/NekExamples/fdlf/obj/subs2.o
mpif77 -c  -O2 -cpp -fdefault-real-8 -fdefault-double-8 -w -std=legacy  -DMPI -DUNDERSCORE -DTIMER -I/media/skooby/data/NekExamples/fdlf -I/home/skooby/repos/Nek5000/core -I./ -I/home/skooby/repos/Nek5000/core/experimental -I/media/skooby/data/NekExamples/fdlf/obj /home/skooby/repos/Nek5000/core/gmres.f -o /media/skooby/data/NekExamples/fdlf/obj/gmres.o
mpif77 -c  -O2 -cpp -fdefault-real-8 -fdefault-double-8 -w -std=legacy  -DMPI -DUNDERSCORE -DTIMER -I/media/skooby/data/NekExamples/fdlf -I/home/skooby/repos/Nek5000/core -I./ -I/home/skooby/repos/Nek5000/core/experimental -I/media/skooby/data/NekExamples/fdlf/obj /home/skooby/repos/Nek5000/core/hsmg.f -o /media/skooby/data/NekExamples/fdlf/obj/hsmg.o
mpif77 -c  -O2 -cpp -fdefault-real-8 -fdefault-double-8 -w -std=legacy  -DMPI -DUNDERSCORE -DTIMER -I/media/skooby/data/NekExamples/fdlf -I/home/skooby/repos/Nek5000/core -I./ -I/home/skooby/repos/Nek5000/core/experimental -I/media/skooby/data/NekExamples/fdlf/obj /home/skooby/repos/Nek5000/core/convect.f -o /media/skooby/data/NekExamples/fdlf/obj/convect.o
mpif77 -c  -O0 -cpp -fdefault-real-8 -fdefault-double-8 -w -std=legacy  -DMPI -DUNDERSCORE -DTIMER -I/media/skooby/data/NekExamples/fdlf -I/home/skooby/repos/Nek5000/core -I./ -I/home/skooby/repos/Nek5000/core/experimental -I/media/skooby/data/NekExamples/fdlf/obj /home/skooby/repos/Nek5000/core/convect2.f -o /media/skooby/data/NekExamples/fdlf/obj/convect2.o
mpif77 -c  -O2 -cpp -fdefault-real-8 -fdefault-double-8 -w -std=legacy  -DMPI -DUNDERSCORE -DTIMER -I/media/skooby/data/NekExamples/fdlf -I/home/skooby/repos/Nek5000/core -I./ -I/home/skooby/repos/Nek5000/core/experimental -I/media/skooby/data/NekExamples/fdlf/obj /home/skooby/repos/Nek5000/core/induct.f -o /media/skooby/data/NekExamples/fdlf/obj/induct.o
mpif77 -c  -O2 -cpp -fdefault-real-8 -fdefault-double-8 -w -std=legacy  -DMPI -DUNDERSCORE -DTIMER -I/media/skooby/data/NekExamples/fdlf -I/home/skooby/repos/Nek5000/core -I./ -I/home/skooby/repos/Nek5000/core/experimental -I/media/skooby/data/NekExamples/fdlf/obj /home/skooby/repos/Nek5000/core/perturb.f -o /media/skooby/data/NekExamples/fdlf/obj/perturb.o
mpif77 -c  -O2 -cpp -fdefault-real-8 -fdefault-double-8 -w -std=legacy  -DMPI -DUNDERSCORE -DTIMER -I/media/skooby/data/NekExamples/fdlf -I/home/skooby/repos/Nek5000/core -I./ -I/home/skooby/repos/Nek5000/core/experimental -I/media/skooby/data/NekExamples/fdlf/obj /home/skooby/repos/Nek5000/core/navier5.f -o /media/skooby/data/NekExamples/fdlf/obj/navier5.o
mpif77 -c  -O2 -cpp -fdefault-real-8 -fdefault-double-8 -w -std=legacy  -DMPI -DUNDERSCORE -DTIMER -I/media/skooby/data/NekExamples/fdlf -I/home/skooby/repos/Nek5000/core -I./ -I/home/skooby/repos/Nek5000/core/experimental -I/media/skooby/data/NekExamples/fdlf/obj /home/skooby/repos/Nek5000/core/navier6.f -o /media/skooby/data/NekExamples/fdlf/obj/navier6.o
mpif77 -c  -O2 -cpp -fdefault-real-8 -fdefault-double-8 -w -std=legacy  -DMPI -DUNDERSCORE -DTIMER -I/media/skooby/data/NekExamples/fdlf -I/home/skooby/repos/Nek5000/core -I./ -I/home/skooby/repos/Nek5000/core/experimental -I/media/skooby/data/NekExamples/fdlf/obj /home/skooby/repos/Nek5000/core/navier7.f -o /media/skooby/data/NekExamples/fdlf/obj/navier7.o
mpif77 -c  -O2 -cpp -fdefault-real-8 -fdefault-double-8 -w -std=legacy  -DMPI -DUNDERSCORE -DTIMER -I/media/skooby/data/NekExamples/fdlf -I/home/skooby/repos/Nek5000/core -I./ -I/home/skooby/repos/Nek5000/core/experimental -I/media/skooby/data/NekExamples/fdlf/obj /home/skooby/repos/Nek5000/core/navier8.f -o /media/skooby/data/NekExamples/fdlf/obj/navier8.o
mpif77 -c  -O2 -cpp -fdefault-real-8 -fdefault-double-8 -w -std=legacy  -DMPI -DUNDERSCORE -DTIMER -I/media/skooby/data/NekExamples/fdlf -I/home/skooby/repos/Nek5000/core -I./ -I/home/skooby/repos/Nek5000/core/experimental -I/media/skooby/data/NekExamples/fdlf/obj /home/skooby/repos/Nek5000/core/fast3d.f -o /media/skooby/data/NekExamples/fdlf/obj/fast3d.o
mpif77 -c  -O2 -cpp -fdefault-real-8 -fdefault-double-8 -w -std=legacy  -DMPI -DUNDERSCORE -DTIMER -I/media/skooby/data/NekExamples/fdlf -I/home/skooby/repos/Nek5000/core -I./ -I/home/skooby/repos/Nek5000/core/experimental -I/media/skooby/data/NekExamples/fdlf/obj /home/skooby/repos/Nek5000/core/fasts.f -o /media/skooby/data/NekExamples/fdlf/obj/fasts.o
mpif77 -c  -O2 -cpp -fdefault-real-8 -fdefault-double-8 -w -std=legacy  -DMPI -DUNDERSCORE -DTIMER -I/media/skooby/data/NekExamples/fdlf -I/home/skooby/repos/Nek5000/core -I./ -I/home/skooby/repos/Nek5000/core/experimental -I/media/skooby/data/NekExamples/fdlf/obj /home/skooby/repos/Nek5000/core/calcz.f -o /media/skooby/data/NekExamples/fdlf/obj/calcz.o
mpicc -c  -O2  -DMPI -DUNDERSCORE -DTIMER -I/home/skooby/repos/Nek5000/core -I./ -I/home/skooby/repos/Nek5000/core/experimental -I/media/skooby/data/NekExamples/fdlf/obj /home/skooby/repos/Nek5000/core/byte.c -o /media/skooby/data/NekExamples/fdlf/obj/byte.o
/home/skooby/repos/Nek5000/core/byte.c: In function ‘byte_read_’:
/home/skooby/repos/Nek5000/core/byte.c:252:6: warning: ignoring return value of ‘fread’ declared with attribute ‘warn_unused_result’ [-Wunused-result]
  252 |      fread(buf,sizeof(float),*n,fp);
      |      ^~~~~~~~~~~~~~~~~~~~~~~~~~~~~~
mpicc -c  -O2  -DMPI -DUNDERSCORE -DTIMER -I/home/skooby/repos/Nek5000/core -I./ -I/home/skooby/repos/Nek5000/core/experimental -I/media/skooby/data/NekExamples/fdlf/obj /home/skooby/repos/Nek5000/core/chelpers.c -o /media/skooby/data/NekExamples/fdlf/obj/chelpers.o
/home/skooby/repos/Nek5000/core/chelpers.c: In function ‘set_stdout_’:
/home/skooby/repos/Nek5000/core/chelpers.c:90:5: warning: ignoring return value of ‘freopen’ declared with attribute ‘warn_unused_result’ [-Wunused-result]
   90 |     freopen(logfile, "w+", stdout);
      |     ^~~~~~~~~~~~~~~~~~~~~~~~~~~~~~
mpif77 -c  -O2 -cpp -fdefault-real-8 -fdefault-double-8 -w -std=legacy  -DMPI -DUNDERSCORE -DTIMER -I/media/skooby/data/NekExamples/fdlf -I/home/skooby/repos/Nek5000/core -I./ -I/home/skooby/repos/Nek5000/core/experimental -I/media/skooby/data/NekExamples/fdlf/obj /home/skooby/repos/Nek5000/core/byte_mpi.f -o /media/skooby/data/NekExamples/fdlf/obj/byte_mpi.o
mpif77 -c  -O2 -cpp -fdefault-real-8 -fdefault-double-8 -w -std=legacy  -DMPI -DUNDERSCORE -DTIMER -I/media/skooby/data/NekExamples/fdlf -I/home/skooby/repos/Nek5000/core -I./ -I/home/skooby/repos/Nek5000/core/experimental -I/media/skooby/data/NekExamples/fdlf/obj /home/skooby/repos/Nek5000/core/postpro.f -o /media/skooby/data/NekExamples/fdlf/obj/postpro.o
mpif77 -c  -O2 -cpp -fdefault-real-8 -fdefault-double-8 -w -std=legacy  -DMPI -DUNDERSCORE -DTIMER -I/media/skooby/data/NekExamples/fdlf -I/home/skooby/repos/Nek5000/core -I./ -I/home/skooby/repos/Nek5000/core/experimental -I/media/skooby/data/NekExamples/fdlf/obj /home/skooby/repos/Nek5000/core/interp.f -o /media/skooby/data/NekExamples/fdlf/obj/interp.o
mpif77 -c  -O2 -cpp -fdefault-real-8 -fdefault-double-8 -w -std=legacy  -DMPI -DUNDERSCORE -DTIMER -I/media/skooby/data/NekExamples/fdlf -I/home/skooby/repos/Nek5000/core -I./ -I/home/skooby/repos/Nek5000/core/experimental -I/media/skooby/data/NekExamples/fdlf/obj /home/skooby/repos/Nek5000/core/cvode_driver.f -o /media/skooby/data/NekExamples/fdlf/obj/cvode_driver.o
mpif77 -c  -O2 -cpp -fdefault-real-8 -fdefault-double-8 -w -std=legacy  -DMPI -DUNDERSCORE -DTIMER -I/media/skooby/data/NekExamples/fdlf -I/home/skooby/repos/Nek5000/core -I./ -I/home/skooby/repos/Nek5000/core/experimental -I/media/skooby/data/NekExamples/fdlf/obj /home/skooby/repos/Nek5000/core/multimesh.f -o /media/skooby/data/NekExamples/fdlf/obj/multimesh.o
mpif77 -c  -O2 -cpp -fdefault-real-8 -fdefault-double-8 -w -std=legacy  -DMPI -DUNDERSCORE -DTIMER -I/media/skooby/data/NekExamples/fdlf -I/home/skooby/repos/Nek5000/core -I./ -I/home/skooby/repos/Nek5000/core/experimental -I/media/skooby/data/NekExamples/fdlf/obj /home/skooby/repos/Nek5000/core/vprops.f -o /media/skooby/data/NekExamples/fdlf/obj/vprops.o
mpif77 -c  -O2 -cpp -fdefault-real-8 -fdefault-double-8 -w -std=legacy  -DMPI -DUNDERSCORE -DTIMER -I/media/skooby/data/NekExamples/fdlf -I/home/skooby/repos/Nek5000/core -I./ -I/home/skooby/repos/Nek5000/core/experimental -I/media/skooby/data/NekExamples/fdlf/obj /home/skooby/repos/Nek5000/core/makeq_aux.f -o /media/skooby/data/NekExamples/fdlf/obj/makeq_aux.o
mpif77 -c  -O2 -cpp -fdefault-real-8 -fdefault-double-8 -w -std=legacy  -DMPI -DUNDERSCORE -DTIMER -I/media/skooby/data/NekExamples/fdlf -I/home/skooby/repos/Nek5000/core -I./ -I/home/skooby/repos/Nek5000/core/experimental -I/media/skooby/data/NekExamples/fdlf/obj /home/skooby/repos/Nek5000/core/papi.f -o /media/skooby/data/NekExamples/fdlf/obj/papi.o
mpif77 -c   -O2 -cpp -fdefault-real-8 -fdefault-double-8 -w -std=legacy  -DMPI -DUNDERSCORE -DTIMER -I/media/skooby/data/NekExamples/fdlf -I/home/skooby/repos/Nek5000/core -I./ -I/home/skooby/repos/Nek5000/core/experimental -I/media/skooby/data/NekExamples/fdlf/obj /home/skooby/repos/Nek5000/core/3rd_party/nek_in_situ.f -o /media/skooby/data/NekExamples/fdlf/obj/nek_in_situ.o
mpif77 -c  -O2 -cpp -fdefault-real-8 -fdefault-double-8 -w -std=legacy  -DMPI -DUNDERSCORE -DTIMER -I/media/skooby/data/NekExamples/fdlf -I/home/skooby/repos/Nek5000/core -I./ -I/home/skooby/repos/Nek5000/core/experimental -I/media/skooby/data/NekExamples/fdlf/obj /home/skooby/repos/Nek5000/core/reader_rea.f -o /media/skooby/data/NekExamples/fdlf/obj/reader_rea.o
mpif77 -c  -O2 -cpp -fdefault-real-8 -fdefault-double-8 -w -std=legacy  -DMPI -DUNDERSCORE -DTIMER -I/media/skooby/data/NekExamples/fdlf -I/home/skooby/repos/Nek5000/core -I./ -I/home/skooby/repos/Nek5000/core/experimental -I/media/skooby/data/NekExamples/fdlf/obj /home/skooby/repos/Nek5000/core/reader_par.f -o /media/skooby/data/NekExamples/fdlf/obj/reader_par.o
mpif77 -c  -O2 -cpp -fdefault-real-8 -fdefault-double-8 -w -std=legacy  -DMPI -DUNDERSCORE -DTIMER -I/media/skooby/data/NekExamples/fdlf -I/home/skooby/repos/Nek5000/core -I./ -I/home/skooby/repos/Nek5000/core/experimental -I/media/skooby/data/NekExamples/fdlf/obj /home/skooby/repos/Nek5000/core/reader_re2.f -o /media/skooby/data/NekExamples/fdlf/obj/reader_re2.o
mpicc -c  -O2  -DMPI -DUNDERSCORE -DTIMER -I/home/skooby/repos/Nek5000/core -I./ -I/home/skooby/repos/Nek5000/core/experimental -I/media/skooby/data/NekExamples/fdlf/obj  /home/skooby/repos/Nek5000/core/3rd_party/finiparser.c -o /media/skooby/data/NekExamples/fdlf/obj/finiparser.o
mpicc -c  -O2  -DMPI -DUNDERSCORE -DTIMER -I/home/skooby/repos/Nek5000/core -I./ -I/home/skooby/repos/Nek5000/core/experimental -I/media/skooby/data/NekExamples/fdlf/obj  /home/skooby/repos/Nek5000/core/3rd_party/iniparser.c -o /media/skooby/data/NekExamples/fdlf/obj/iniparser.o
mpicc -c  -O2  -DMPI -DUNDERSCORE -DTIMER -I/home/skooby/repos/Nek5000/core -I./ -I/home/skooby/repos/Nek5000/core/experimental -I/media/skooby/data/NekExamples/fdlf/obj  /home/skooby/repos/Nek5000/core/3rd_party/dictionary.c -o /media/skooby/data/NekExamples/fdlf/obj/dictionary.o
mpif77 -c  -O2 -cpp -fdefault-real-8 -fdefault-double-8 -w -std=legacy  -DMPI -DUNDERSCORE -DTIMER -I/media/skooby/data/NekExamples/fdlf -I/home/skooby/repos/Nek5000/core -I./ -I/home/skooby/repos/Nek5000/core/experimental -I/media/skooby/data/NekExamples/fdlf/obj /home/skooby/repos/Nek5000/core/hpf.f -o /media/skooby/data/NekExamples/fdlf/obj/hpf.o
mpicc -c  -O2  -DMPI -DUNDERSCORE -DTIMER -I/home/skooby/repos/Nek5000/core -I./ -I/home/skooby/repos/Nek5000/core/experimental -I/media/skooby/data/NekExamples/fdlf/obj -I/home/skooby/repos/Nek5000/3rd_party/gslib/include  /home/skooby/repos/Nek5000/core/fcrs.c -o /media/skooby/data/NekExamples/fdlf/obj/fcrs.o
mpicc -c  -O2  -DMPI -DUNDERSCORE -DTIMER -I/home/skooby/repos/Nek5000/core -I./ -I/home/skooby/repos/Nek5000/core/experimental -I/media/skooby/data/NekExamples/fdlf/obj -I/home/skooby/repos/Nek5000/3rd_party/gslib/include /home/skooby/repos/Nek5000/core/crs_xxt.c -o /media/skooby/data/NekExamples/fdlf/obj/crs_xxt.o
mpicc -c  -O2  -DMPI -DUNDERSCORE -DTIMER -I/home/skooby/repos/Nek5000/core -I./ -I/home/skooby/repos/Nek5000/core/experimental -I/media/skooby/data/NekExamples/fdlf/obj -I/home/skooby/repos/Nek5000/3rd_party/gslib/include /home/skooby/repos/Nek5000/core/crs_amg.c -o /media/skooby/data/NekExamples/fdlf/obj/crs_amg.o
In file included from /home/skooby/repos/Nek5000/core/fcrs.c:6:
/home/skooby/repos/Nek5000/core/crs.h:5:2: warning: #warning "crs.h" requires "comm.h" [-Wcpp]
    5 | #warning "crs.h" requires "comm.h"
      |  ^~~~~~~
mpicc -c  -O2  -DMPI -DUNDERSCORE -DTIMER -I/home/skooby/repos/Nek5000/core -I./ -I/home/skooby/repos/Nek5000/core/experimental -I/media/skooby/data/NekExamples/fdlf/obj -I/home/skooby/repos/Nek5000/3rd_party/gslib/include  /home/skooby/repos/Nek5000/core/experimental/fem_amg_preco.c -o /media/skooby/data/NekExamples/fdlf/obj/fem_amg_preco.o
mpicc -c  -O2  -DMPI -DUNDERSCORE -DTIMER -I/home/skooby/repos/Nek5000/core -I./ -I/home/skooby/repos/Nek5000/core/experimental -I/media/skooby/data/NekExamples/fdlf/obj -I/home/skooby/repos/Nek5000/3rd_party/gslib/include  /home/skooby/repos/Nek5000/core/experimental/crs_hypre.c -o /media/skooby/data/NekExamples/fdlf/obj/crs_hypre.o
mpicc -c  -O2  -DMPI -DUNDERSCORE -DTIMER -I/home/skooby/repos/Nek5000/core -I./ -I/home/skooby/repos/Nek5000/core/experimental -I/media/skooby/data/NekExamples/fdlf/obj -I/home/skooby/repos/Nek5000/3rd_party/gslib/include  /home/skooby/repos/Nek5000/core/partitioner.c -o /media/skooby/data/NekExamples/fdlf/obj/partitioner.o
mpif77 -c  -O3 -cpp -fdefault-real-8 -fdefault-double-8 -w -std=legacy  -DMPI -DUNDERSCORE -DTIMER -I/media/skooby/data/NekExamples/fdlf -I/home/skooby/repos/Nek5000/core -I./ -I/home/skooby/repos/Nek5000/core/experimental -I/media/skooby/data/NekExamples/fdlf/obj /home/skooby/repos/Nek5000/core/mxm_std.f -o /media/skooby/data/NekExamples/fdlf/obj/mxm_std.o
mpif77 -c  -O2 -cpp -fdefault-real-8 -fdefault-double-8 -w -std=legacy  -DMPI -DUNDERSCORE -DTIMER -I/media/skooby/data/NekExamples/fdlf -I/home/skooby/repos/Nek5000/core -I./ -I/home/skooby/repos/Nek5000/core/experimental -I/media/skooby/data/NekExamples/fdlf/obj /home/skooby/repos/Nek5000/core/comm_mpi.f -o /media/skooby/data/NekExamples/fdlf/obj/comm_mpi.o
mpif77  -O2 -cpp -fdefault-real-8 -fdefault-double-8 -w -std=legacy  -DMPI -DUNDERSCORE -DTIMER -I/media/skooby/data/NekExamples/fdlf -I/home/skooby/repos/Nek5000/core -I./ -I/home/skooby/repos/Nek5000/core/experimental -I/media/skooby/data/NekExamples/fdlf/obj  -c /media/skooby/data/NekExamples/fdlf/fdlf.f -o /media/skooby/data/NekExamples/fdlf/obj/fdlf.o
done
mpif77 -c  -O2 -cpp -fdefault-real-8 -fdefault-double-8 -w -std=legacy  -DMPI -DUNDERSCORE -DTIMER -I/media/skooby/data/NekExamples/fdlf -I/home/skooby/repos/Nek5000/core -I./ -I/home/skooby/repos/Nek5000/core/experimental -I/media/skooby/data/NekExamples/fdlf/obj /home/skooby/repos/Nek5000/core/drive.f
mpif77  -O2 -cpp -fdefault-real-8 -fdefault-double-8 -w -std=legacy  -DMPI -DUNDERSCORE -DTIMER -I/media/skooby/data/NekExamples/fdlf -I/home/skooby/repos/Nek5000/core -I./ -I/home/skooby/repos/Nek5000/core/experimental -I/media/skooby/data/NekExamples/fdlf/obj -o nek5000 drive.o /media/skooby/data/NekExamples/fdlf/obj/fdlf.o /media/skooby/data/NekExamples/fdlf/obj/libnek5000.a -L/home/skooby/repos/Nek5000/3rd_party/blasLapack -lblasLapack -L/home/skooby/repos/Nek5000/3rd_party/gslib/lib -lgs -Wl,--allow-multiple-definition


#############################################################
#                  Compilation successful!                  #
#############################################################
   text	   data	    bss	    dec	    hex	filename
1719642	  40188	105297728	107057558	6619196	nek5000

